<?xml version="1.0" encoding="UTF-8"?>
<!-- Generated by org.testng.reporters.JUnitXMLReporter -->
<testsuite ignored="0" hostname="LEVI-41" failures="0" tests="3" name="Default test" time="20.194" errors="0" timestamp="2024-07-29T14:56:15 IST">
  <testcase classname="Testcases.LoginPageTest" name="Tc_001" time="11.785"/>
  <testcase classname="Testcases.LoginPageTest" name="Tc_002" time="0.325"/>
  <testcase classname="Testcases.LoginPageTest" name="Tc_003" time="0.314"/>
</testsuite> <!-- Default test -->
