<?xml version="1.0" encoding="UTF-8"?>
<testng-results ignored="0" total="3" passed="3" failed="0" skipped="0">
  <reporter-output>
  </reporter-output>
  <suite started-at="2024-07-29T14:55:55 IST" name="Default suite" finished-at="2024-07-29T14:56:15 IST" duration-ms="20194">
    <groups>
    </groups>
    <test started-at="2024-07-29T14:55:55 IST" name="Default test" finished-at="2024-07-29T14:56:15 IST" duration-ms="20194">
      <class name="Testcases.LoginPageTest">
        <test-method is-config="true" signature="login()[pri:0, instance:Testcases.LoginPageTest@32eff876]" started-at="2024-07-29T14:55:55 IST" name="login" finished-at="2024-07-29T14:55:57 IST" duration-ms="2741" status="PASS">
          <reporter-output>
          </reporter-output>
        </test-method> <!-- login -->
        <test-method signature="Tc_001()[pri:0, instance:Testcases.LoginPageTest@32eff876]" started-at="2024-07-29T14:55:57 IST" name="Tc_001" finished-at="2024-07-29T14:56:09 IST" duration-ms="11785" status="PASS">
          <reporter-output>
          </reporter-output>
        </test-method> <!-- Tc_001 -->
        <test-method is-config="true" signature="TearDown()[pri:0, instance:Testcases.LoginPageTest@32eff876]" started-at="2024-07-29T14:56:09 IST" name="TearDown" finished-at="2024-07-29T14:56:09 IST" duration-ms="194" status="PASS">
          <reporter-output>
          </reporter-output>
        </test-method> <!-- TearDown -->
        <test-method is-config="true" signature="login()[pri:0, instance:Testcases.LoginPageTest@32eff876]" started-at="2024-07-29T14:56:09 IST" name="login" finished-at="2024-07-29T14:56:11 IST" duration-ms="2073" status="PASS">
          <reporter-output>
          </reporter-output>
        </test-method> <!-- login -->
        <test-method signature="Tc_002()[pri:1, instance:Testcases.LoginPageTest@32eff876]" started-at="2024-07-29T14:56:11 IST" name="Tc_002" finished-at="2024-07-29T14:56:12 IST" duration-ms="325" status="PASS">
          <reporter-output>
          </reporter-output>
        </test-method> <!-- Tc_002 -->
        <test-method is-config="true" signature="TearDown()[pri:0, instance:Testcases.LoginPageTest@32eff876]" started-at="2024-07-29T14:56:12 IST" name="TearDown" finished-at="2024-07-29T14:56:12 IST" duration-ms="172" status="PASS">
          <reporter-output>
          </reporter-output>
        </test-method> <!-- TearDown -->
        <test-method is-config="true" signature="login()[pri:0, instance:Testcases.LoginPageTest@32eff876]" started-at="2024-07-29T14:56:12 IST" name="login" finished-at="2024-07-29T14:56:14 IST" duration-ms="2385" status="PASS">
          <reporter-output>
          </reporter-output>
        </test-method> <!-- login -->
        <test-method signature="Tc_003()[pri:2, instance:Testcases.LoginPageTest@32eff876]" started-at="2024-07-29T14:56:14 IST" name="Tc_003" finished-at="2024-07-29T14:56:15 IST" duration-ms="314" status="PASS">
          <reporter-output>
          </reporter-output>
        </test-method> <!-- Tc_003 -->
        <test-method is-config="true" signature="TearDown()[pri:0, instance:Testcases.LoginPageTest@32eff876]" started-at="2024-07-29T14:56:15 IST" name="TearDown" finished-at="2024-07-29T14:56:15 IST" duration-ms="160" status="PASS">
          <reporter-output>
          </reporter-output>
        </test-method> <!-- TearDown -->
      </class> <!-- Testcases.LoginPageTest -->
    </test> <!-- Default test -->
  </suite> <!-- Default suite -->
</testng-results>
